<?xml version="1.0" encoding="UTF-8"?>
<!-- Generated by org.testng.reporters.JUnitXMLReporter -->
<testsuite ignored="0" hostname="LTIN518837" failures="0" tests="4" name="Test1" time="158.152" errors="0" timestamp="2024-05-09T18:15:38 IST">
  <testcase classname="Base_page.Base_Class" name="home" time="9.075"/>
  <testcase classname="Base_page.Base_Class" name="bookshelf" time="47.068"/>
  <testcase classname="Base_page.Base_Class" name="chair" time="54.076"/>
  <testcase classname="Base_page.Base_Class" name="giftcard" time="15.237"/>
</testsuite> <!-- Test1 -->
