<?xml version="1.0" encoding="UTF-8"?>
<testng-results ignored="0" total="4" passed="4" failed="0" skipped="0">
  <reporter-output>
  </reporter-output>
  <suite started-at="2024-05-09T18:12:59 IST" name="Suite" finished-at="2024-05-09T18:15:37 IST" duration-ms="158152">
    <groups>
    </groups>
    <test started-at="2024-05-09T18:12:59 IST" name="Test1" finished-at="2024-05-09T18:15:37 IST" duration-ms="158152">
      <class name="Base_page.Base_Class">
        <test-method is-config="true" signature="DriverSetUp(java.lang.String,java.lang.String)[pri:0, instance:Base_page.Base_Class@682b2fa]" started-at="2024-05-09T18:12:59 IST" name="DriverSetUp" finished-at="2024-05-09T18:13:21 IST" duration-ms="21871" status="PASS">
          <params>
            <param index="0">
              <value>
                <![CDATA[chrome]]>
              </value>
            </param>
            <param index="1">
              <value>
                <![CDATA[https://www.urbanladder.com/?src=g_breadcrumb]]>
              </value>
            </param>
          </params>
          <reporter-output>
          </reporter-output>
        </test-method> <!-- DriverSetUp -->
        <test-method signature="home()[pri:1, instance:Base_page.Base_Class@682b2fa]" started-at="2024-05-09T18:13:21 IST" name="home" finished-at="2024-05-09T18:13:30 IST" duration-ms="9075" status="PASS">
          <reporter-output>
          </reporter-output>
        </test-method> <!-- home -->
        <test-method signature="bookshelf()[pri:2, instance:Base_page.Base_Class@682b2fa]" started-at="2024-05-09T18:13:30 IST" name="bookshelf" finished-at="2024-05-09T18:14:17 IST" duration-ms="47068" status="PASS">
          <reporter-output>
          </reporter-output>
        </test-method> <!-- bookshelf -->
        <test-method signature="chair()[pri:3, instance:Base_page.Base_Class@682b2fa]" started-at="2024-05-09T18:14:17 IST" name="chair" finished-at="2024-05-09T18:15:12 IST" duration-ms="54076" status="PASS">
          <reporter-output>
          </reporter-output>
        </test-method> <!-- chair -->
        <test-method signature="giftcard(java.lang.String,java.lang.String,java.lang.String,java.lang.String,java.lang.String,java.lang.String,java.lang.String,java.lang.String,java.lang.String)[pri:4, instance:Base_page.Base_Class@682b2fa]" started-at="2024-05-09T18:15:12 IST" name="giftcard" data-provider="testInput" finished-at="2024-05-09T18:15:27 IST" duration-ms="15237" status="PASS">
          <params>
            <param index="0">
              <value>
                <![CDATA[Debojyoti]]>
              </value>
            </param>
            <param index="1">
              <value>
                <![CDATA[abc@gmail.com]]>
              </value>
            </param>
            <param index="2">
              <value>
                <![CDATA[9339376]]>
              </value>
            </param>
            <param index="3">
              <value>
                <![CDATA[Sankha]]>
              </value>
            </param>
            <param index="4">
              <value>
                <![CDATA[xyz@gmail.com]]>
              </value>
            </param>
            <param index="5">
              <value>
                <![CDATA[8481818495]]>
              </value>
            </param>
            <param index="6">
              <value>
                <![CDATA[Navallur]]>
              </value>
            </param>
            <param index="7">
              <value>
                <![CDATA[600013]]>
              </value>
            </param>
            <param index="8">
              <value>
                <![CDATA[Congratulations!!]]>
              </value>
            </param>
          </params>
          <reporter-output>
          </reporter-output>
        </test-method> <!-- giftcard -->
        <test-method is-config="true" signature="Close()[pri:0, instance:Base_page.Base_Class@682b2fa]" started-at="2024-05-09T18:15:27 IST" name="Close" finished-at="2024-05-09T18:15:37 IST" duration-ms="10029" status="PASS">
          <reporter-output>
          </reporter-output>
        </test-method> <!-- Close -->
      </class> <!-- Base_page.Base_Class -->
    </test> <!-- Test1 -->
  </suite> <!-- Suite -->
</testng-results>
